<?xml version="1.0" encoding="UTF-8"?>
<!-- Generated by org.testng.reporters.JUnitXMLReporter -->
<testsuite hostname="Shubham" ignored="0" name="Surefire test" tests="8" failures="0" timestamp="2024-07-22T21:09:30 IST" time="13.672" errors="0">
  <testcase name="testPostUser" time="3.016" classname="api.test.DDTests"/>
  <testcase name="testPostUser" time="1.113" classname="api.test.DDTests"/>
  <testcase name="testDeleteUserbyName" time="1.151" classname="api.test.DDTests"/>
  <testcase name="testDeleteUserbyName" time="1.104" classname="api.test.DDTests"/>
  <testcase name="testPostUser" time="1.154" classname="api.test.UserTests"/>
  <testcase name="testGetUserByName" time="1.099" classname="api.test.UserTests"/>
  <testcase name="testUpdateUser" time="2.35" classname="api.test.UserTests"/>
  <testcase name="testDeleteUserbyName" time="1.082" classname="api.test.UserTests"/>
</testsuite> <!-- Surefire test -->
