<?xml version="1.0" encoding="UTF-8"?>
<testsuite xmlns:xsi="http://www.w3.org/2001/XMLSchema-instance" xsi:noNamespaceSchemaLocation="https://maven.apache.org/surefire/maven-surefire-plugin/xsd/surefire-test-report-3.0.xsd" version="3.0" name="TestSuite" time="14.336" tests="8" errors="0" skipped="0" failures="0">
  <properties>
[...]
</properties>
  <testcase name="testPostUser[10100, testUser1, Shinchan, Nohara, shinchan@email.com, Sh1234, 880999](1)" classname="api.test.DDTests" time="3.016"/>
  <testcase name="testPostUser[10101, testUser2, Ash, Ketchum, ash@email.com, As1234, 990007](2)" classname="api.test.DDTests" time="1.105"/>
  <testcase name="testDeleteUserbyName[testUser1](1)" classname="api.test.DDTests" time="1.163"/>
  <testcase name="testDeleteUserbyName[testUser2](2)" classname="api.test.DDTests" time="1.104"/>
  <testcase name="testPostUser" classname="api.test.UserTests" time="1.168">
    <system-out><![CDATA[21:09:24.907 [main] INFO  api.test.UserTests - ****Creating User*****
HTTP/1.1 200 OK
Date: Mon, 22 Jul 2024 15:39:25 GMT
Content-Type: application/json
Transfer-Encoding: chunked
Connection: keep-alive
Access-Control-Allow-Origin: *
Access-Control-Allow-Methods: GET, POST, DELETE, PUT
Access-Control-Allow-Headers: Content-Type, api_key, Authorization
Server: Jetty(9.2.9.v20150224)

{
    "code": 200,
    "type": "unknown",
    "message": "317053574"
}
21:09:26.061 [main] INFO  api.test.UserTests - ****User Created*****
]]></system-out>
  </testcase>
  <testcase name="testGetUserByName" classname="api.test.UserTests" time="1.101">
    <system-out><![CDATA[21:09:26.075 [main] INFO  api.test.UserTests - ****Finding User*****
HTTP/1.1 200 OK
Date: Mon, 22 Jul 2024 15:39:26 GMT
Content-Type: application/json
Transfer-Encoding: chunked
Connection: keep-alive
Access-Control-Allow-Origin: *
Access-Control-Allow-Methods: GET, POST, DELETE, PUT
Access-Control-Allow-Headers: Content-Type, api_key, Authorization
Server: Jetty(9.2.9.v20150224)

{
    "id": 317053574,
    "username": "joeann.king",
    "firstName": "Emard",
    "email": "kristofer.okon@example.com",
    "password": "od1ka",
    "phone": "1-284-887-6991",
    "userStatus": 0
}
21:09:27.160 [main] INFO  api.test.UserTests - ****User Found*****
]]></system-out>
  </testcase>
  <testcase name="testUpdateUser" classname="api.test.UserTests" time="2.358">
    <system-out><![CDATA[21:09:27.174 [main] INFO  api.test.UserTests - ****Updating User*****
{
    "code": 200,
    "type": "unknown",
    "message": "317053574"
}
HTTP/1.1 200 OK
Date: Mon, 22 Jul 2024 15:39:28 GMT
Content-Type: application/json
Transfer-Encoding: chunked
Connection: keep-alive
Access-Control-Allow-Origin: *
Access-Control-Allow-Methods: GET, POST, DELETE, PUT
Access-Control-Allow-Headers: Content-Type, api_key, Authorization
Server: Jetty(9.2.9.v20150224)

{
    "id": 317053574,
    "username": "joeann.king",
    "firstName": "Hegmann",
    "email": "arnita.hartmann@example.com",
    "password": "od1ka",
    "phone": "1-284-887-6991",
    "userStatus": 0
}
21:09:29.524 [main] INFO  api.test.UserTests - ****User updated*****
]]></system-out>
  </testcase>
  <testcase name="testDeleteUserbyName" classname="api.test.UserTests" time="1.072">
    <system-out><![CDATA[21:09:29.524 [main] INFO  api.test.UserTests - ****Deleting User*****
21:09:30.606 [main] INFO  api.test.UserTests - ****User Deleted*****
]]></system-out>
  </testcase>
</testsuite>